m_float: 183.000000
Preference 8.000000
# data points: 183
max: 23.000000
Kmeans clustering:      0 iter.
<19,19>: 36, 15.444445
<19,57>: 36, 21.666666
<19,80>: 252, 21.531746
<19,119>: 48, 20.458334
<19,122>: 348, 20.752874
<19,139>: 1314, 20.344749
<19,160>: 12, 22.666666
<19,176>: 108, 22.407408
<57,57>: 9, 13.333333
<57,80>: 126, 20.888889
<57,119>: 24, 22.416666
<57,122>: 174, 21.873564
<57,139>: 657, 21.531202
<57,160>: 6, 23.000000
<57,176>: 54, 22.925926
<80,80>: 441, 19.995464
<80,119>: 168, 22.273809
<80,122>: 1218, 21.714285
<80,139>: 4599, 21.392042
<80,160>: 42, 22.904762
<80,176>: 378, 22.846561
<119,119>: 16, 15.875000
<119,122>: 232, 21.879311
<119,139>: 876, 21.473743
<119,160>: 8, 22.250000
<119,176>: 72, 22.888889
<122,122>: 841, 20.183115
<122,139>: 6351, 20.960321
<122,160>: 58, 22.896551
<122,176>: 522, 22.704981
<139,139>: 11990, 20.109842
<139,160>: 219, 22.762558
<139,176>: 1971, 22.680365
<160,160>: 1, 0.000000
<160,176>: 18, 23.000000
<176,176>: 81, 19.629629
